<?xml version="1.0" encoding="UTF-8"?>
<coverage generated="1520906685808" clover="3.2.0">
  <project timestamp="1520906685808" name="All files">
    <metrics statements="23" coveredstatements="16" conditionals="6" coveredconditionals="6" methods="7" coveredmethods="2" elements="36" coveredelements="24" complexity="0" loc="23" ncloc="23" packages="3" files="3" classes="3">
      <package name="app">
        <metrics statements="6" coveredstatements="6" conditionals="0" coveredconditionals="0" methods="0" coveredmethods="0"/>
        <file name="logger.js" path="/Users/wei-mac/Repos/Demo/ProxyPool/app/logger.js">
          <metrics statements="6" coveredstatements="6" conditionals="0" coveredconditionals="0" methods="0" coveredmethods="0"/>
          <line num="6" count="1" type="stmt"/>
          <line num="7" count="1" type="stmt"/>
          <line num="9" count="1" type="stmt"/>
          <line num="10" count="1" type="stmt"/>
          <line num="11" count="1" type="stmt"/>
          <line num="12" count="1" type="stmt"/>
        </file>
      </package>
      <package name="app.extend">
        <metrics statements="15" coveredstatements="8" conditionals="6" coveredconditionals="6" methods="7" coveredmethods="2"/>
        <file name="helper.js" path="/Users/wei-mac/Repos/Demo/ProxyPool/app/extend/helper.js">
          <metrics statements="15" coveredstatements="8" conditionals="6" coveredconditionals="6" methods="7" coveredmethods="2"/>
          <line num="6" count="0" type="stmt"/>
          <line num="20" count="0" type="stmt"/>
          <line num="22" count="0" type="stmt"/>
          <line num="25" count="0" type="stmt"/>
          <line num="31" count="8" type="cond" truecount="2" falsecount="0"/>
          <line num="32" count="4" type="stmt"/>
          <line num="33" count="4" type="cond" truecount="2" falsecount="0"/>
          <line num="37" count="4" type="cond" truecount="2" falsecount="0"/>
          <line num="39" count="1" type="stmt"/>
          <line num="40" count="1" type="stmt"/>
          <line num="41" count="1" type="stmt"/>
          <line num="42" count="1" type="stmt"/>
          <line num="49" count="0" type="stmt"/>
          <line num="50" count="0" type="stmt"/>
          <line num="54" count="0" type="stmt"/>
        </file>
      </package>
      <package name="config">
        <metrics statements="2" coveredstatements="2" conditionals="0" coveredconditionals="0" methods="0" coveredmethods="0"/>
        <file name="config.default.js" path="/Users/wei-mac/Repos/Demo/ProxyPool/config/config.default.js">
          <metrics statements="2" coveredstatements="2" conditionals="0" coveredconditionals="0" methods="0" coveredmethods="0"/>
          <line num="1" count="1" type="stmt"/>
          <line num="3" count="1" type="stmt"/>
        </file>
      </package>
    </metrics>
  </project>
</coverage>
