TN:
SF:/Users/wei-mac/Repos/Demo/ProxyPool/app/logger.js
FNF:0
FNH:0
DA:6,1
DA:7,1
DA:9,1
DA:10,1
DA:11,1
DA:12,1
LF:6
LH:6
BRF:0
BRH:0
end_of_record
TN:
SF:/Users/wei-mac/Repos/Demo/ProxyPool/app/extend/helper.js
FN:5,getHtml
FN:21,(anonymous_1)
FN:24,(anonymous_2)
FN:30,verifyProxyFormat
FN:36,testProxy
FN:47,(anonymous_5)
FN:52,(anonymous_6)
FNF:7
FNH:2
FNDA:0,getHtml
FNDA:0,(anonymous_1)
FNDA:0,(anonymous_2)
FNDA:8,verifyProxyFormat
FNDA:4,testProxy
FNDA:0,(anonymous_5)
FNDA:0,(anonymous_6)
DA:6,0
DA:20,0
DA:22,0
DA:25,0
DA:31,8
DA:32,4
DA:33,4
DA:37,4
DA:39,1
DA:40,1
DA:41,1
DA:42,1
DA:49,0
DA:50,0
DA:54,0
LF:15
LH:8
BRDA:31,0,0,4
BRDA:31,0,1,4
BRDA:33,1,0,2
BRDA:33,1,1,2
BRDA:37,2,0,3
BRDA:37,2,1,1
BRF:6
BRH:6
end_of_record
TN:
SF:/Users/wei-mac/Repos/Demo/ProxyPool/config/config.default.js
FNF:0
FNH:0
DA:1,1
DA:3,1
LF:2
LH:2
BRF:0
BRH:0
end_of_record
